<?xml version="1.0" encoding="UTF-8"?>
<testsuite xmlns:xsi="http://www.w3.org/2001/XMLSchema-instance" xsi:noNamespaceSchemaLocation="https://maven.apache.org/surefire/maven-surefire-plugin/xsd/surefire-test-report.xsd" name="TestCustomerAddress" time="3.973" tests="1" errors="0" skipped="0" failures="0">
  <properties>
    <property name="sun.desktop" value="windows"/>
    <property name="awt.toolkit" value="sun.awt.windows.WToolkit"/>
    <property name="file.encoding.pkg" value="sun.io"/>
    <property name="java.specification.version" value="1.8"/>
    <property name="sun.cpu.isalist" value="amd64"/>
    <property name="sun.jnu.encoding" value="Cp1252"/>
    <property name="java.class.path" value="C:\Users\PC\Eclipse-EE\maven3\target\test-classes;C:\Users\PC\Eclipse-EE\maven3\target\classes;C:\Users\PC\.m2\repository\javax\persistence\javax.persistence-api\2.2\javax.persistence-api-2.2.jar;C:\Users\PC\.m2\repository\org\eclipse\persistence\eclipselink\2.7.4\eclipselink-2.7.4.jar;C:\Users\PC\.m2\repository\org\eclipse\persistence\jakarta.persistence\2.2.2\jakarta.persistence-2.2.2.jar;C:\Users\PC\.m2\repository\org\eclipse\persistence\commonj.sdo\2.1.1\commonj.sdo-2.1.1.jar;C:\Users\PC\.m2\repository\org\apache\derby\derbyclient\10.14.2.0\derbyclient-10.14.2.0.jar;C:\Users\PC\.m2\repository\org\apache\derby\derby\10.14.2.0\derby-10.14.2.0.jar;C:\Users\PC\.m2\repository\org\hibernate\orm\hibernate-testing\6.0.0.Alpha2\hibernate-testing-6.0.0.Alpha2.jar;C:\Users\PC\.m2\repository\org\jboss\logging\jboss-logging\3.3.2.Final\jboss-logging-3.3.2.Final.jar;C:\Users\PC\.m2\repository\org\hibernate\orm\hibernate-core\6.0.0.Alpha2\hibernate-core-6.0.0.Alpha2.jar;C:\Users\PC\.m2\repository\org\javassist\javassist\3.24.0-GA\javassist-3.24.0-GA.jar;C:\Users\PC\.m2\repository\net\bytebuddy\byte-buddy\1.9.5\byte-buddy-1.9.5.jar;C:\Users\PC\.m2\repository\org\antlr\antlr4\4.7.1\antlr4-4.7.1.jar;C:\Users\PC\.m2\repository\org\antlr\antlr4-runtime\4.7.1\antlr4-runtime-4.7.1.jar;C:\Users\PC\.m2\repository\org\antlr\antlr-runtime\3.5.2\antlr-runtime-3.5.2.jar;C:\Users\PC\.m2\repository\org\antlr\ST4\4.0.8\ST4-4.0.8.jar;C:\Users\PC\.m2\repository\org\abego\treelayout\org.abego.treelayout.core\1.0.3\org.abego.treelayout.core-1.0.3.jar;C:\Users\PC\.m2\repository\org\glassfish\javax.json\1.0.4\javax.json-1.0.4.jar;C:\Users\PC\.m2\repository\com\ibm\icu\icu4j\58.2\icu4j-58.2.jar;C:\Users\PC\.m2\repository\org\jboss\spec\javax\transaction\jboss-transaction-api_1.2_spec\1.1.1.Final\jboss-transaction-api_1.2_spec-1.1.1.Final.jar;C:\Users\PC\.m2\repository\org\jboss\jandex\2.0.5.Final\jandex-2.0.5.Final.jar;C:\Users\PC\.m2\repository\com\fasterxml\classmate\1.3.4\classmate-1.3.4.jar;C:\Users\PC\.m2\repository\javax\activation\javax.activation-api\1.2.0\javax.activation-api-1.2.0.jar;C:\Users\PC\.m2\repository\org\dom4j\dom4j\2.1.1\dom4j-2.1.1.jar;C:\Users\PC\.m2\repository\org\hibernate\common\hibernate-commons-annotations\5.1.0.Final\hibernate-commons-annotations-5.1.0.Final.jar;C:\Users\PC\.m2\repository\javax\xml\bind\jaxb-api\2.3.1\jaxb-api-2.3.1.jar;C:\Users\PC\.m2\repository\org\glassfish\jaxb\jaxb-runtime\2.3.1\jaxb-runtime-2.3.1.jar;C:\Users\PC\.m2\repository\org\glassfish\jaxb\txw2\2.3.1\txw2-2.3.1.jar;C:\Users\PC\.m2\repository\com\sun\istack\istack-commons-runtime\3.0.7\istack-commons-runtime-3.0.7.jar;C:\Users\PC\.m2\repository\org\jvnet\staxex\stax-ex\1.8\stax-ex-1.8.jar;C:\Users\PC\.m2\repository\com\sun\xml\fastinfoset\FastInfoset\1.2.15\FastInfoset-1.2.15.jar;C:\Users\PC\.m2\repository\junit\junit\4.12\junit-4.12.jar;C:\Users\PC\.m2\repository\org\hamcrest\hamcrest-core\1.3\hamcrest-core-1.3.jar;C:\Users\PC\.m2\repository\org\hamcrest\hamcrest-all\1.3\hamcrest-all-1.3.jar;C:\Users\PC\.m2\repository\org\jboss\byteman\byteman\4.0.3\byteman-4.0.3.jar;C:\Users\PC\.m2\repository\org\jboss\byteman\byteman-install\4.0.3\byteman-install-4.0.3.jar;C:\Program Files\Java\jdk1.8.0_181\jre\..\lib\tools.jar;C:\Users\PC\.m2\repository\org\jboss\byteman\byteman-bmunit\4.0.3\byteman-bmunit-4.0.3.jar;C:\Users\PC\.m2\repository\org\jboss\byteman\byteman-submit\4.0.3\byteman-submit-4.0.3.jar;C:\Users\PC\.m2\repository\com\experlog\xapool\1.5.0\xapool-1.5.0.jar;C:\Users\PC\.m2\repository\log4j\log4j\1.2.17\log4j-1.2.17.jar;C:\Users\PC\.m2\repository\org\jboss\jbossts\jbossjta\4.16.4.Final\jbossjta-4.16.4.Final.jar;C:\Users\PC\.m2\repository\javax\money\money-api\1.0.1\money-api-1.0.1.jar;C:\Users\PC\.m2\repository\org\javamoney\moneta\1.1\moneta-1.1.jar;C:\Users\PC\.m2\repository\javax\annotation\javax.annotation-api\1.2\javax.annotation-api-1.2.jar;C:\Users\PC\.m2\repository\org\junit\jupiter\junit-jupiter-api\5.4.1\junit-jupiter-api-5.4.1.jar;C:\Users\PC\.m2\repository\org\apiguardian\apiguardian-api\1.0.0\apiguardian-api-1.0.0.jar;C:\Users\PC\.m2\repository\org\opentest4j\opentest4j\1.1.1\opentest4j-1.1.1.jar;C:\Users\PC\.m2\repository\org\junit\platform\junit-platform-commons\1.4.1\junit-platform-commons-1.4.1.jar;C:\Users\PC\.m2\repository\org\junit\jupiter\junit-jupiter-params\5.4.1\junit-jupiter-params-5.4.1.jar;C:\Users\PC\.m2\repository\org\junit\jupiter\junit-jupiter-engine\5.4.1\junit-jupiter-engine-5.4.1.jar;C:\Users\PC\.m2\repository\org\junit\vintage\junit-vintage-engine\5.4.1\junit-vintage-engine-5.4.1.jar;C:\Users\PC\.m2\repository\org\junit\platform\junit-platform-engine\1.4.1\junit-platform-engine-1.4.1.jar;C:\Users\PC\.m2\repository\org\junit\platform\junit-platform-launcher\1.4.1\junit-platform-launcher-1.4.1.jar;C:\Users\PC\.m2\repository\org\junit\platform\junit-platform-runner\1.4.1\junit-platform-runner-1.4.1.jar;C:\Users\PC\.m2\repository\org\junit\platform\junit-platform-suite-api\1.4.1\junit-platform-suite-api-1.4.1.jar;"/>
    <property name="java.vm.vendor" value="Oracle Corporation"/>
    <property name="sun.arch.data.model" value="64"/>
    <property name="user.variant" value=""/>
    <property name="java.vendor.url" value="http://java.oracle.com/"/>
    <property name="user.timezone" value="Africa/Luanda"/>
    <property name="java.vm.specification.version" value="1.8"/>
    <property name="os.name" value="Windows 10"/>
    <property name="user.country" value="FR"/>
    <property name="sun.java.launcher" value="SUN_STANDARD"/>
    <property name="sun.boot.library.path" value="C:\Program Files\Java\jdk1.8.0_181\jre\bin"/>
    <property name="sun.java.command" value="C:\Users\PC\AppData\Local\Temp\surefire3720705794499990063\surefirebooter3299594840355807997.jar C:\Users\PC\AppData\Local\Temp\surefire3720705794499990063 2019-04-14T23-46-46_614-jvmRun1 surefire7729304096596551064tmp surefire_0462456769393531846tmp"/>
    <property name="surefire.test.class.path" value="C:\Users\PC\Eclipse-EE\maven3\target\test-classes;C:\Users\PC\Eclipse-EE\maven3\target\classes;C:\Users\PC\.m2\repository\javax\persistence\javax.persistence-api\2.2\javax.persistence-api-2.2.jar;C:\Users\PC\.m2\repository\org\eclipse\persistence\eclipselink\2.7.4\eclipselink-2.7.4.jar;C:\Users\PC\.m2\repository\org\eclipse\persistence\jakarta.persistence\2.2.2\jakarta.persistence-2.2.2.jar;C:\Users\PC\.m2\repository\org\eclipse\persistence\commonj.sdo\2.1.1\commonj.sdo-2.1.1.jar;C:\Users\PC\.m2\repository\org\apache\derby\derbyclient\10.14.2.0\derbyclient-10.14.2.0.jar;C:\Users\PC\.m2\repository\org\apache\derby\derby\10.14.2.0\derby-10.14.2.0.jar;C:\Users\PC\.m2\repository\org\hibernate\orm\hibernate-testing\6.0.0.Alpha2\hibernate-testing-6.0.0.Alpha2.jar;C:\Users\PC\.m2\repository\org\jboss\logging\jboss-logging\3.3.2.Final\jboss-logging-3.3.2.Final.jar;C:\Users\PC\.m2\repository\org\hibernate\orm\hibernate-core\6.0.0.Alpha2\hibernate-core-6.0.0.Alpha2.jar;C:\Users\PC\.m2\repository\org\javassist\javassist\3.24.0-GA\javassist-3.24.0-GA.jar;C:\Users\PC\.m2\repository\net\bytebuddy\byte-buddy\1.9.5\byte-buddy-1.9.5.jar;C:\Users\PC\.m2\repository\org\antlr\antlr4\4.7.1\antlr4-4.7.1.jar;C:\Users\PC\.m2\repository\org\antlr\antlr4-runtime\4.7.1\antlr4-runtime-4.7.1.jar;C:\Users\PC\.m2\repository\org\antlr\antlr-runtime\3.5.2\antlr-runtime-3.5.2.jar;C:\Users\PC\.m2\repository\org\antlr\ST4\4.0.8\ST4-4.0.8.jar;C:\Users\PC\.m2\repository\org\abego\treelayout\org.abego.treelayout.core\1.0.3\org.abego.treelayout.core-1.0.3.jar;C:\Users\PC\.m2\repository\org\glassfish\javax.json\1.0.4\javax.json-1.0.4.jar;C:\Users\PC\.m2\repository\com\ibm\icu\icu4j\58.2\icu4j-58.2.jar;C:\Users\PC\.m2\repository\org\jboss\spec\javax\transaction\jboss-transaction-api_1.2_spec\1.1.1.Final\jboss-transaction-api_1.2_spec-1.1.1.Final.jar;C:\Users\PC\.m2\repository\org\jboss\jandex\2.0.5.Final\jandex-2.0.5.Final.jar;C:\Users\PC\.m2\repository\com\fasterxml\classmate\1.3.4\classmate-1.3.4.jar;C:\Users\PC\.m2\repository\javax\activation\javax.activation-api\1.2.0\javax.activation-api-1.2.0.jar;C:\Users\PC\.m2\repository\org\dom4j\dom4j\2.1.1\dom4j-2.1.1.jar;C:\Users\PC\.m2\repository\org\hibernate\common\hibernate-commons-annotations\5.1.0.Final\hibernate-commons-annotations-5.1.0.Final.jar;C:\Users\PC\.m2\repository\javax\xml\bind\jaxb-api\2.3.1\jaxb-api-2.3.1.jar;C:\Users\PC\.m2\repository\org\glassfish\jaxb\jaxb-runtime\2.3.1\jaxb-runtime-2.3.1.jar;C:\Users\PC\.m2\repository\org\glassfish\jaxb\txw2\2.3.1\txw2-2.3.1.jar;C:\Users\PC\.m2\repository\com\sun\istack\istack-commons-runtime\3.0.7\istack-commons-runtime-3.0.7.jar;C:\Users\PC\.m2\repository\org\jvnet\staxex\stax-ex\1.8\stax-ex-1.8.jar;C:\Users\PC\.m2\repository\com\sun\xml\fastinfoset\FastInfoset\1.2.15\FastInfoset-1.2.15.jar;C:\Users\PC\.m2\repository\junit\junit\4.12\junit-4.12.jar;C:\Users\PC\.m2\repository\org\hamcrest\hamcrest-core\1.3\hamcrest-core-1.3.jar;C:\Users\PC\.m2\repository\org\hamcrest\hamcrest-all\1.3\hamcrest-all-1.3.jar;C:\Users\PC\.m2\repository\org\jboss\byteman\byteman\4.0.3\byteman-4.0.3.jar;C:\Users\PC\.m2\repository\org\jboss\byteman\byteman-install\4.0.3\byteman-install-4.0.3.jar;C:\Program Files\Java\jdk1.8.0_181\jre\..\lib\tools.jar;C:\Users\PC\.m2\repository\org\jboss\byteman\byteman-bmunit\4.0.3\byteman-bmunit-4.0.3.jar;C:\Users\PC\.m2\repository\org\jboss\byteman\byteman-submit\4.0.3\byteman-submit-4.0.3.jar;C:\Users\PC\.m2\repository\com\experlog\xapool\1.5.0\xapool-1.5.0.jar;C:\Users\PC\.m2\repository\log4j\log4j\1.2.17\log4j-1.2.17.jar;C:\Users\PC\.m2\repository\org\jboss\jbossts\jbossjta\4.16.4.Final\jbossjta-4.16.4.Final.jar;C:\Users\PC\.m2\repository\javax\money\money-api\1.0.1\money-api-1.0.1.jar;C:\Users\PC\.m2\repository\org\javamoney\moneta\1.1\moneta-1.1.jar;C:\Users\PC\.m2\repository\javax\annotation\javax.annotation-api\1.2\javax.annotation-api-1.2.jar;C:\Users\PC\.m2\repository\org\junit\jupiter\junit-jupiter-api\5.4.1\junit-jupiter-api-5.4.1.jar;C:\Users\PC\.m2\repository\org\apiguardian\apiguardian-api\1.0.0\apiguardian-api-1.0.0.jar;C:\Users\PC\.m2\repository\org\opentest4j\opentest4j\1.1.1\opentest4j-1.1.1.jar;C:\Users\PC\.m2\repository\org\junit\platform\junit-platform-commons\1.4.1\junit-platform-commons-1.4.1.jar;C:\Users\PC\.m2\repository\org\junit\jupiter\junit-jupiter-params\5.4.1\junit-jupiter-params-5.4.1.jar;C:\Users\PC\.m2\repository\org\junit\jupiter\junit-jupiter-engine\5.4.1\junit-jupiter-engine-5.4.1.jar;C:\Users\PC\.m2\repository\org\junit\vintage\junit-vintage-engine\5.4.1\junit-vintage-engine-5.4.1.jar;C:\Users\PC\.m2\repository\org\junit\platform\junit-platform-engine\1.4.1\junit-platform-engine-1.4.1.jar;C:\Users\PC\.m2\repository\org\junit\platform\junit-platform-launcher\1.4.1\junit-platform-launcher-1.4.1.jar;C:\Users\PC\.m2\repository\org\junit\platform\junit-platform-runner\1.4.1\junit-platform-runner-1.4.1.jar;C:\Users\PC\.m2\repository\org\junit\platform\junit-platform-suite-api\1.4.1\junit-platform-suite-api-1.4.1.jar;"/>
    <property name="sun.cpu.endian" value="little"/>
    <property name="user.home" value="C:\Users\PC"/>
    <property name="user.language" value="fr"/>
    <property name="java.specification.vendor" value="Oracle Corporation"/>
    <property name="java.home" value="C:\Program Files\Java\jdk1.8.0_181\jre"/>
    <property name="basedir" value="C:\Users\PC\Eclipse-EE\maven3"/>
    <property name="file.separator" value="\"/>
    <property name="line.separator" value="&#10;"/>
    <property name="java.vm.specification.vendor" value="Oracle Corporation"/>
    <property name="java.specification.name" value="Java Platform API Specification"/>
    <property name="java.awt.graphicsenv" value="sun.awt.Win32GraphicsEnvironment"/>
    <property name="surefire.real.class.path" value="C:\Users\PC\AppData\Local\Temp\surefire3720705794499990063\surefirebooter3299594840355807997.jar"/>
    <property name="sun.boot.class.path" value="C:\Program Files\Java\jdk1.8.0_181\jre\lib\resources.jar;C:\Program Files\Java\jdk1.8.0_181\jre\lib\rt.jar;C:\Program Files\Java\jdk1.8.0_181\jre\lib\sunrsasign.jar;C:\Program Files\Java\jdk1.8.0_181\jre\lib\jsse.jar;C:\Program Files\Java\jdk1.8.0_181\jre\lib\jce.jar;C:\Program Files\Java\jdk1.8.0_181\jre\lib\charsets.jar;C:\Program Files\Java\jdk1.8.0_181\jre\lib\jfr.jar;C:\Program Files\Java\jdk1.8.0_181\jre\classes"/>
    <property name="user.script" value=""/>
    <property name="sun.management.compiler" value="HotSpot 64-Bit Tiered Compilers"/>
    <property name="java.runtime.version" value="1.8.0_181-b13"/>
    <property name="user.name" value="PC"/>
    <property name="path.separator" value=";"/>
    <property name="os.version" value="10.0"/>
    <property name="java.endorsed.dirs" value="C:\Program Files\Java\jdk1.8.0_181\jre\lib\endorsed"/>
    <property name="java.runtime.name" value="Java(TM) SE Runtime Environment"/>
    <property name="file.encoding" value="Cp1252"/>
    <property name="java.vm.name" value="Java HotSpot(TM) 64-Bit Server VM"/>
    <property name="localRepository" value="C:\Users\PC\.m2\repository"/>
    <property name="java.vendor.url.bug" value="http://bugreport.sun.com/bugreport/"/>
    <property name="java.io.tmpdir" value="C:\Users\PC\AppData\Local\Temp\"/>
    <property name="java.version" value="1.8.0_181"/>
    <property name="user.dir" value="C:\Users\PC\Eclipse-EE\maven3"/>
    <property name="os.arch" value="amd64"/>
    <property name="java.vm.specification.name" value="Java Virtual Machine Specification"/>
    <property name="java.awt.printerjob" value="sun.awt.windows.WPrinterJob"/>
    <property name="sun.os.patch.level" value=""/>
    <property name="java.library.path" value="C:\Program Files\Java\jdk1.8.0_181\jre\bin;C:\WINDOWS\Sun\Java\bin;C:\WINDOWS\system32;C:\WINDOWS;C:/Program Files/Java/jdk1.8.0_181/bin/../jre/bin/server;C:/Program Files/Java/jdk1.8.0_181/bin/../jre/bin;C:/Program Files/Java/jdk1.8.0_181/bin/../jre/lib/amd64;C:\Program Files\Docker\Docker\Resources\bin;%JAVA_HOME%\bin;D:\Program Files (x86)\Common Files\Oracle\Java\javapath;C:\WINDOWS\system32;C:\WINDOWS;C:\WINDOWS\System32\Wbem;C:\WINDOWS\System32\WindowsPowerShell\v1.0\;C:\Program Files\PuTTY\;C:\Program Files\Git\cmd;C:\Program Files\nodejs\;C:\Program Files\MongoDB\Server\3.6\bin;D:\labs\watchman;C:\wamp64\bin\php\php7.2.4;D:\labs;C:\WINDOWS\System32\OpenSSH\;C:\HashiCorp\Vagrant\bin;C:\Program Files\Microsoft VS Code\bin;%ANT_HOME%\bin;%MAVEN_HOME%\bin;%DERBY_HOME%\bin;C:\Users\PC\AppData\Local\Microsoft\WindowsApps;C:\Users\PC\AppData\Roaming\npm;C:\Users\PC\AppData\Local\Pandoc\;C:\Program Files\Microsoft VS Code\bin;D:\labs\watchman;C:\wamp64\bin\php\php7.2.4;D:\labs;C:\Users\PC\AppData\Local\Programs\Microsoft VS Code\bin;C:\Program Files\Java\jdk1.8.0_181\bin;D:\apache-ant-1.10.5\bin;D:\javaws\maven\apache-maven-3.5.4\bin;D:\javaws\derby\db-derby-10.14.2.0-bin\bin;;D:\Java\eclipse-jee-2018-09-win32-x86_64\eclipse;;."/>
    <property name="java.vm.info" value="mixed mode"/>
    <property name="java.vendor" value="Oracle Corporation"/>
    <property name="java.vm.version" value="25.181-b13"/>
    <property name="java.ext.dirs" value="C:\Program Files\Java\jdk1.8.0_181\jre\lib\ext;C:\WINDOWS\Sun\Java\lib\ext"/>
    <property name="sun.io.unicode.encoding" value="UnicodeLittle"/>
    <property name="java.class.version" value="52.0"/>
  </properties>
  <testcase name="testCustomerCreation" classname="TestCustomerAddress" time="0"/>
</testsuite>